<?xml version="1.0" encoding="UTF-8"?>
<testsuite xmlns:xsi="http://www.w3.org/2001/XMLSchema-instance" xsi:noNamespaceSchemaLocation="https://maven.apache.org/surefire/maven-surefire-plugin/xsd/surefire-test-report.xsd" version="3.0.2" name="com.ipn.mx.miniinventario.MiniInventarioApplicationTests" time="6.899" tests="1" errors="0" skipped="0" failures="0" flakes="0">
  <properties>
[...]
</properties>
  <testcase name="contextLoads" classname="com.ipn.mx.miniinventario.MiniInventarioApplicationTests" time="0.503">
    <system-out><![CDATA[16:17:59.244 [main] INFO org.springframework.test.context.support.AnnotationConfigContextLoaderUtils -- Could not detect default configuration classes for test class [com.ipn.mx.miniinventario.MiniInventarioApplicationTests]: MiniInventarioApplicationTests does not declare any static, non-private, non-final, nested classes annotated with @Configuration.
16:17:59.338 [main] INFO org.springframework.boot.test.context.SpringBootTestContextBootstrapper -- Found @SpringBootConfiguration com.ipn.mx.miniinventario.MiniInventarioApplication for test class com.ipn.mx.miniinventario.MiniInventarioApplicationTests
16:17:59.403 [main] INFO org.springframework.test.context.support.AnnotationConfigContextLoaderUtils -- Could not detect default configuration classes for test class [com.ipn.mx.miniinventario.MiniInventarioApplicationTests]: MiniInventarioApplicationTests does not declare any static, non-private, non-final, nested classes annotated with @Configuration.
16:17:59.404 [main] INFO org.springframework.boot.test.context.SpringBootTestContextBootstrapper -- Found @SpringBootConfiguration com.ipn.mx.miniinventario.MiniInventarioApplication for test class com.ipn.mx.miniinventario.MiniInventarioApplicationTests
16:17:59.459 [main] INFO org.springframework.boot.devtools.restart.RestartApplicationListener -- Restart disabled due to context in which it is running

  .   ____          _            __ _ _
 /\\ / ___'_ __ _ _(_)_ __  __ _ \ \ \ \
( ( )\___ | '_ | '_| | '_ \/ _` | \ \ \ \
 \\/  ___)| |_)| | | | | || (_| |  ) ) ) )
  '  |____| .__|_| |_|_| |_\__, | / / / /
 =========|_|==============|___/=/_/_/_/

 :: Spring Boot ::                (v4.0.5)

2026-06-22T16:17:59.654-06:00  INFO 13944 --- [MiniInventario] [           main] c.i.m.m.MiniInventarioApplicationTests   : Starting MiniInventarioApplicationTests using Java 25.0.2 with PID 13944 (started by leoki in C:\Users\leoki\OneDrive\Escritorio\MiniInventario)
2026-06-22T16:17:59.655-06:00  INFO 13944 --- [MiniInventario] [           main] c.i.m.m.MiniInventarioApplicationTests   : The following 1 profile is active: "dev"
2026-06-22T16:18:00.463-06:00  INFO 13944 --- [MiniInventario] [           main] .s.d.r.c.RepositoryConfigurationDelegate : Bootstrapping Spring Data JPA repositories in DEFAULT mode.
2026-06-22T16:18:00.523-06:00  INFO 13944 --- [MiniInventario] [           main] .s.d.r.c.RepositoryConfigurationDelegate : Finished Spring Data repository scanning in 52 ms. Found 3 JPA repository interfaces.
2026-06-22T16:18:00.938-06:00  INFO 13944 --- [MiniInventario] [           main] org.hibernate.orm.jpa                    : HHH008540: Processing PersistenceUnitInfo [name: default]
2026-06-22T16:18:00.986-06:00  INFO 13944 --- [MiniInventario] [           main] org.hibernate.orm.core                   : HHH000001: Hibernate ORM core version 7.2.7.Final
2026-06-22T16:18:01.391-06:00  INFO 13944 --- [MiniInventario] [           main] o.s.o.j.p.SpringPersistenceUnitInfo      : No LoadTimeWeaver setup: ignoring JPA class transformer
2026-06-22T16:18:01.416-06:00  INFO 13944 --- [MiniInventario] [           main] com.zaxxer.hikari.HikariDataSource       : HikariPool-1 - Starting...
2026-06-22T16:18:02.342-06:00  INFO 13944 --- [MiniInventario] [           main] com.zaxxer.hikari.pool.HikariPool        : HikariPool-1 - Added connection org.postgresql.jdbc.PgConnection@1adf387e
2026-06-22T16:18:02.343-06:00  INFO 13944 --- [MiniInventario] [           main] com.zaxxer.hikari.HikariDataSource       : HikariPool-1 - Start completed.
2026-06-22T16:18:02.826-06:00  INFO 13944 --- [MiniInventario] [           main] org.hibernate.orm.connections.pooling    : HHH10001005: Database info:
	Database JDBC URL [jdbc:postgresql://us-east-1.79f72475-7971-40db-b473-963966f1d9d8.aws.yugabyte.cloud:5433/yugabyte]
	Database driver: PostgreSQL JDBC Driver
	Database dialect: PostgreSQLDialect
	Database version: 15.12
	Default catalog/schema: yugabyte/public
	Autocommit mode: undefined/unknown
	Isolation level: READ_COMMITTED [default READ_COMMITTED]
	JDBC fetch size: none
	Pool: DataSourceConnectionProvider
	Minimum pool size: undefined/unknown
	Maximum pool size: undefined/unknown
2026-06-22T16:18:02.940-06:00  WARN 13944 --- [MiniInventario] [           main] org.hibernate.orm.deprecation            : HHH90000033: Encountered use of deprecated annotation [interface jakarta.persistence.Temporal] at com.ipn.mx.miniinventario.core.entidades.Producto.createAt.
2026-06-22T16:18:03.473-06:00  INFO 13944 --- [MiniInventario] [           main] org.hibernate.orm.core                   : HHH000489: No JTA platform available (set 'hibernate.transaction.jta.platform' to enable JTA platform integration)
2026-06-22T16:18:04.468-06:00  INFO 13944 --- [MiniInventario] [           main] j.LocalContainerEntityManagerFactoryBean : Initialized JPA EntityManagerFactory for persistence unit 'default'
2026-06-22T16:18:04.525-06:00  INFO 13944 --- [MiniInventario] [           main] o.s.d.j.r.query.QueryEnhancerFactories   : Hibernate is in classpath; If applicable, HQL parser will be used.
2026-06-22T16:18:05.109-06:00  WARN 13944 --- [MiniInventario] [           main] JpaBaseConfiguration$JpaWebConfiguration : spring.jpa.open-in-view is enabled by default. Therefore, database queries may be performed during view rendering. Explicitly configure spring.jpa.open-in-view to disable this warning
2026-06-22T16:18:05.481-06:00  INFO 13944 --- [MiniInventario] [           main] c.i.m.m.MiniInventarioApplicationTests   : Started MiniInventarioApplicationTests in 6.031 seconds (process running for 7.164)
Categoria
]]></system-out>
    <system-err><![CDATA[Mockito is currently self-attaching to enable the inline-mock-maker. This will no longer work in future releases of the JDK. Please add Mockito as an agent to your build as described in Mockito's documentation: https://javadoc.io/doc/org.mockito/mockito-core/latest/org.mockito/org/mockito/Mockito.html#0.3
WARNING: A Java agent has been loaded dynamically (C:\Users\leoki\.m2\repository\net\bytebuddy\byte-buddy-agent\1.17.8\byte-buddy-agent-1.17.8.jar)
WARNING: If a serviceability tool is in use, please run with -XX:+EnableDynamicAgentLoading to hide this warning
WARNING: If a serviceability tool is not in use, please run with -Djdk.instrument.traceUsage for more information
WARNING: Dynamic loading of agents will be disallowed by default in a future release
]]></system-err>
  </testcase>
</testsuite>